<?xml version="1.0" encoding="UTF-8"?>
<!-- Generated by org.testng.reporters.JUnitXMLReporter -->
<testsuite ignored="0" hostname="DESKTOP-6JFIOU1" failures="0" tests="7" name="Default test" time="13.737" errors="0" timestamp="2026-08-28T15:58:56 EET">
  <testcase classname="SumayaCourse1.aaa" name="Login" time="0.193"/>
  <testcase classname="SumayaCourse1.aaa" name="AddAllItemsToCart" time="2.36"/>
  <testcase classname="SumayaCourse1.aaa" name="RemoveAllItemsFromCart" time="2.895"/>
  <testcase classname="SumayaCourse1.aaa" name="AddRandomItems" time="2.243"/>
  <testcase classname="SumayaCourse1.aaa" name="checkoutButton" time="2.41"/>
  <testcase classname="SumayaCourse1.aaa" name="fillCheckoutInformation" time="2.341"/>
  <testcase classname="SumayaCourse1.aaa" name="finish" time="0.131"/>
</testsuite> <!-- Default test -->
